<?xml version="1.0" encoding="UTF-8"?>
<!-- Generated by org.testng.reporters.JUnitXMLReporter -->
<testsuite ignored="0" hostname="Divakar-MacBook-Pro.local" failures="1" tests="5" name="Test" time="2.55" errors="0" timestamp="2022-09-20T15:27:47 PDT">
  <testcase classname="postDDframework.ExtentReportDDT" name="failTest on [ExtentReportDDT passed=0 failed=0 skipped=0]" time="0.007">
    <failure type="java.lang.AssertionError">
      <![CDATA[java.lang.AssertionError: 
at postDDframework.ExtentReportDDT.failTest(ExtentReportDDT.java:57)
at java.base/java.util.ArrayList.forEach(ArrayList.java:1511)
... Removed 30 stack frames]]>
    </failure>
  </testcase> <!-- failTest on [ExtentReportDDT passed=0 failed=0 skipped=0] -->
  <testcase classname="postDDframework.ExtentReportDDT" name="passTest on [ExtentReportDDT passed=0 failed=0 skipped=0]" time="0.001"/>
  <testcase classname="postDDframework.ExtentReportDDT" name="skipTest on [ExtentReportDDT passed=0 failed=0 skipped=0]" time="0.0">
    <skipped/>
  </testcase> <!-- skipTest on [ExtentReportDDT passed=0 failed=0 skipped=0] -->
  <testcase classname="postDDframework.PostReqddt" name="test_post" time="1.377"/>
  <testcase classname="postDDframework.PostReqddt" name="test_post" time="0.432"/>
</testsuite> <!-- Test -->
